<?xml version="1.0" encoding="UTF-8"?>
<testsuite xmlns:xsi="http://www.w3.org/2001/XMLSchema-instance" xsi:noNamespaceSchemaLocation="https://maven.apache.org/surefire/maven-surefire-plugin/xsd/surefire-test-report-3.0.xsd" version="3.0" name="com.ghitecnologia.linguagensapi.LinguagensApiApplicationTests" time="7.403" tests="1" errors="0" skipped="0" failures="0">
  <properties>
[...]
</properties>
  <testcase name="contextLoads" classname="com.ghitecnologia.linguagensapi.LinguagensApiApplicationTests" time="0.921">
    <system-out><![CDATA[10:17:38.631 [main] INFO org.springframework.test.context.support.AnnotationConfigContextLoaderUtils -- Could not detect default configuration classes for test class [com.ghitecnologia.linguagensapi.LinguagensApiApplicationTests]: LinguagensApiApplicationTests does not declare any static, non-private, non-final, nested classes annotated with @Configuration.
10:17:38.814 [main] INFO org.springframework.boot.test.context.SpringBootTestContextBootstrapper -- Found @SpringBootConfiguration com.ghitecnologia.linguagensapi.LinguagensApiApplication for test class com.ghitecnologia.linguagensapi.LinguagensApiApplicationTests

  .   ____          _            __ _ _
 /\\ / ___'_ __ _ _(_)_ __  __ _ \ \ \ \
( ( )\___ | '_ | '_| | '_ \/ _` | \ \ \ \
 \\/  ___)| |_)| | | | | || (_| |  ) ) ) )
  '  |____| .__|_| |_|_| |_\__, | / / / /
 =========|_|==============|___/=/_/_/_/
 :: Spring Boot ::                (v3.1.4)

2023-10-05T10:17:39.360-03:00  INFO 19184 --- [           main] c.g.l.LinguagensApiApplicationTests      : Starting LinguagensApiApplicationTests using Java 17.0.8.1 with PID 19184 (started by antonioneto in /Users/antonioneto/MEGA/Projetos/linguagens-api)
2023-10-05T10:17:39.362-03:00  INFO 19184 --- [           main] c.g.l.LinguagensApiApplicationTests      : No active profile set, falling back to 1 default profile: "default"
2023-10-05T10:17:40.437-03:00  INFO 19184 --- [           main] .s.d.r.c.RepositoryConfigurationDelegate : Bootstrapping Spring Data MongoDB repositories in DEFAULT mode.
2023-10-05T10:17:40.507-03:00  INFO 19184 --- [           main] .s.d.r.c.RepositoryConfigurationDelegate : Finished Spring Data repository scanning in 65 ms. Found 1 MongoDB repository interfaces.
2023-10-05T10:17:41.364-03:00  INFO 19184 --- [           main] org.mongodb.driver.client                : MongoClient with metadata {"driver": {"name": "mongo-java-driver|sync|spring-boot", "version": "4.9.1"}, "os": {"type": "Darwin", "name": "Mac OS X", "architecture": "x86_64", "version": "14.0"}, "platform": "Java/Amazon.com Inc./17.0.8.1+8-LTS"} created with settings MongoClientSettings{readPreference=primary, writeConcern=WriteConcern{w=majority, wTimeout=null ms, journal=null}, retryWrites=true, retryReads=true, readConcern=ReadConcern{level=null}, credential=MongoCredential{mechanism=null, userName='admin', source='admin', password=<hidden>, mechanismProperties=<hidden>}, streamFactoryFactory=null, commandListeners=[], codecRegistry=ProvidersCodecRegistry{codecProviders=[ValueCodecProvider{}, BsonValueCodecProvider{}, DBRefCodecProvider{}, DBObjectCodecProvider{}, DocumentCodecProvider{}, CollectionCodecProvider{}, IterableCodecProvider{}, MapCodecProvider{}, GeoJsonCodecProvider{}, GridFSFileCodecProvider{}, Jsr310CodecProvider{}, JsonObjectCodecProvider{}, BsonCodecProvider{}, EnumCodecProvider{}, com.mongodb.client.model.mql.ExpressionCodecProvider@7301eebe, com.mongodb.Jep395RecordCodecProvider@76b47204]}, loggerSettings=LoggerSettings{maxDocumentLength=1000}, clusterSettings={hosts=[127.0.0.1:27017], srvHost=cluster0.9g59ux9.mongodb.net, srvServiceName=mongodb, mode=MULTIPLE, requiredClusterType=REPLICA_SET, requiredReplicaSetName='atlas-fcrnvt-shard-0', serverSelector='null', clusterListeners='[]', serverSelectionTimeout='30000 ms', localThreshold='30000 ms'}, socketSettings=SocketSettings{connectTimeoutMS=10000, readTimeoutMS=0, receiveBufferSize=0, sendBufferSize=0}, heartbeatSocketSettings=SocketSettings{connectTimeoutMS=10000, readTimeoutMS=10000, receiveBufferSize=0, sendBufferSize=0}, connectionPoolSettings=ConnectionPoolSettings{maxSize=100, minSize=0, maxWaitTimeMS=120000, maxConnectionLifeTimeMS=0, maxConnectionIdleTimeMS=0, maintenanceInitialDelayMS=0, maintenanceFrequencyMS=60000, connectionPoolListeners=[], maxConnecting=2}, serverSettings=ServerSettings{heartbeatFrequencyMS=10000, minHeartbeatFrequencyMS=500, serverListeners='[]', serverMonitorListeners='[]'}, sslSettings=SslSettings{enabled=true, invalidHostNameAllowed=false, context=null}, applicationName='null', compressorList=[], uuidRepresentation=JAVA_LEGACY, serverApi=null, autoEncryptionSettings=null, contextProvider=null}
2023-10-05T10:17:41.513-03:00  INFO 19184 --- [ux9.mongodb.net] org.mongodb.driver.cluster               : Adding discovered server ac-dtfddvt-shard-00-02.9g59ux9.mongodb.net:27017 to client view of cluster
2023-10-05T10:17:41.530-03:00  INFO 19184 --- [ux9.mongodb.net] org.mongodb.driver.cluster               : Adding discovered server ac-dtfddvt-shard-00-00.9g59ux9.mongodb.net:27017 to client view of cluster
2023-10-05T10:17:41.533-03:00  INFO 19184 --- [ux9.mongodb.net] org.mongodb.driver.cluster               : Adding discovered server ac-dtfddvt-shard-00-01.9g59ux9.mongodb.net:27017 to client view of cluster
2023-10-05T10:17:44.403-03:00  INFO 19184 --- [ngodb.net:27017] org.mongodb.driver.cluster               : Monitor thread successfully connected to server with description ServerDescription{address=ac-dtfddvt-shard-00-01.9g59ux9.mongodb.net:27017, type=REPLICA_SET_PRIMARY, state=CONNECTED, ok=true, minWireVersion=0, maxWireVersion=17, maxDocumentSize=16777216, logicalSessionTimeoutMinutes=30, roundTripTimeNanos=698999666, setName='atlas-fcrnvt-shard-0', canonicalAddress=ac-dtfddvt-shard-00-01.9g59ux9.mongodb.net:27017, hosts=[ac-dtfddvt-shard-00-02.9g59ux9.mongodb.net:27017, ac-dtfddvt-shard-00-00.9g59ux9.mongodb.net:27017, ac-dtfddvt-shard-00-01.9g59ux9.mongodb.net:27017], passives=[], arbiters=[], primary='ac-dtfddvt-shard-00-01.9g59ux9.mongodb.net:27017', tagSet=TagSet{[Tag{name='nodeType', value='ELECTABLE'}, Tag{name='provider', value='AWS'}, Tag{name='region', value='US_EAST_1'}, Tag{name='workloadType', value='OPERATIONAL'}]}, electionId=7fffffff00000000000000af, setVersion=7, topologyVersion=TopologyVersion{processId=65180b3c6c9f9fbca9714cb4, counter=6}, lastWriteDate=Thu Oct 05 10:17:44 BRT 2023, lastUpdateTimeNanos=22639504761416}
2023-10-05T10:17:44.422-03:00  INFO 19184 --- [ngodb.net:27017] org.mongodb.driver.cluster               : Discovered replica set primary ac-dtfddvt-shard-00-01.9g59ux9.mongodb.net:27017 with max election id 7fffffff00000000000000af and max set version 7
2023-10-05T10:17:44.704-03:00  INFO 19184 --- [ngodb.net:27017] org.mongodb.driver.cluster               : Monitor thread successfully connected to server with description ServerDescription{address=ac-dtfddvt-shard-00-00.9g59ux9.mongodb.net:27017, type=REPLICA_SET_SECONDARY, state=CONNECTED, ok=true, minWireVersion=0, maxWireVersion=17, maxDocumentSize=16777216, logicalSessionTimeoutMinutes=30, roundTripTimeNanos=410506625, setName='atlas-fcrnvt-shard-0', canonicalAddress=ac-dtfddvt-shard-00-00.9g59ux9.mongodb.net:27017, hosts=[ac-dtfddvt-shard-00-02.9g59ux9.mongodb.net:27017, ac-dtfddvt-shard-00-00.9g59ux9.mongodb.net:27017, ac-dtfddvt-shard-00-01.9g59ux9.mongodb.net:27017], passives=[], arbiters=[], primary='ac-dtfddvt-shard-00-01.9g59ux9.mongodb.net:27017', tagSet=TagSet{[Tag{name='nodeType', value='ELECTABLE'}, Tag{name='provider', value='AWS'}, Tag{name='region', value='US_EAST_1'}, Tag{name='workloadType', value='OPERATIONAL'}]}, electionId=null, setVersion=7, topologyVersion=TopologyVersion{processId=651809ecf44458d0119eef78, counter=4}, lastWriteDate=Thu Oct 05 10:17:44 BRT 2023, lastUpdateTimeNanos=22639812685208}
2023-10-05T10:17:44.810-03:00  INFO 19184 --- [           main] c.g.l.LinguagensApiApplicationTests      : Started LinguagensApiApplicationTests in 5.818 seconds (process running for 7.188)
]]></system-out>
  </testcase>
</testsuite>